2025-12-24 03:21:05.717 INFO  [background-preinit] o.h.validator.internal.util.Version - HV000001: Hibernate Validator 8.0.3.Final
2025-12-24 03:21:05.732 INFO  [restartedMain] com.example.demo.LibraryApplication - Starting LibraryApplication using Java 21.0.9 with PID 8028 (/home/user/dev/Java Projects/Library-new/target/classes started by user in /home/user/dev/Java Projects/Library-new)
2025-12-24 03:21:05.733 DEBUG [restartedMain] com.example.demo.LibraryApplication - Running with Spring Boot v3.5.8, Spring v6.2.14
2025-12-24 03:21:05.733 INFO  [restartedMain] com.example.demo.LibraryApplication - The following 1 profile is active: "jpa"
2025-12-24 03:21:05.747 INFO  [restartedMain] o.s.b.d.e.DevToolsPropertyDefaultsPostProcessor - Devtools property defaults active! Set 'spring.devtools.add-properties' to 'false' to disable
2025-12-24 03:21:05.747 INFO  [restartedMain] o.s.b.d.e.DevToolsPropertyDefaultsPostProcessor - For additional web related logging consider setting the 'logging.level.web' property to 'DEBUG'
2025-12-24 03:21:05.979 INFO  [restartedMain] o.s.d.r.c.RepositoryConfigurationDelegate - Bootstrapping Spring Data JPA repositories in DEFAULT mode.
2025-12-24 03:21:06.029 INFO  [restartedMain] o.s.d.r.c.RepositoryConfigurationDelegate - Finished Spring Data repository scanning in 46 ms. Found 11 JPA repository interfaces.
2025-12-24 03:21:06.382 INFO  [restartedMain] o.s.b.w.e.tomcat.TomcatWebServer - Tomcat initialized with port 8080 (http)
2025-12-24 03:21:06.399 INFO  [restartedMain] o.s.b.w.s.c.ServletWebServerApplicationContext - Root WebApplicationContext: initialization completed in 652 ms
2025-12-24 03:21:06.490 INFO  [restartedMain] o.h.jpa.internal.util.LogHelper - HHH000204: Processing PersistenceUnitInfo [name: default]
2025-12-24 03:21:06.503 INFO  [restartedMain] org.hibernate.Version - HHH000412: Hibernate ORM core version 6.6.36.Final
2025-12-24 03:21:06.518 INFO  [restartedMain] o.h.c.i.RegionFactoryInitiator - HHH000026: Second-level cache disabled
2025-12-24 03:21:06.596 INFO  [restartedMain] o.s.o.j.p.SpringPersistenceUnitInfo - No LoadTimeWeaver setup: ignoring JPA class transformer
2025-12-24 03:21:06.606 INFO  [restartedMain] com.zaxxer.hikari.HikariDataSource - HikariPool-1 - Starting...
2025-12-24 03:21:06.671 INFO  [restartedMain] com.zaxxer.hikari.pool.HikariPool - HikariPool-1 - Added connection org.postgresql.jdbc.PgConnection@7115a97f
2025-12-24 03:21:06.671 INFO  [restartedMain] com.zaxxer.hikari.HikariDataSource - HikariPool-1 - Start completed.
2025-12-24 03:21:06.699 INFO  [restartedMain] o.hibernate.orm.connections.pooling - HHH10001005: Database info:
	Database JDBC URL [Connecting through datasource 'HikariDataSource (HikariPool-1)']
	Database driver: undefined/unknown
	Database version: 15.13
	Autocommit mode: undefined/unknown
	Isolation level: undefined/unknown
	Minimum pool size: undefined/unknown
	Maximum pool size: undefined/unknown
2025-12-24 03:21:07.088 INFO  [restartedMain] o.h.e.t.j.p.i.JtaPlatformInitiator - HHH000489: No JTA platform available (set 'hibernate.transaction.jta.platform' to enable JTA platform integration)
2025-12-24 03:21:07.167 INFO  [restartedMain] o.s.o.j.LocalContainerEntityManagerFactoryBean - Initialized JPA EntityManagerFactory for persistence unit 'default'
2025-12-24 03:21:07.266 INFO  [restartedMain] o.s.d.j.r.query.QueryEnhancerFactory - Hibernate is in classpath; If applicable, HQL parser will be used.
2025-12-24 03:21:07.721 INFO  [restartedMain] o.s.b.a.w.s.WelcomePageHandlerMapping - Adding welcome page template: index
2025-12-24 03:21:07.938 INFO  [restartedMain] o.s.b.d.a.OptionalLiveReloadServer - LiveReload server is running on port 35729
2025-12-24 03:21:07.940 INFO  [restartedMain] o.s.b.a.e.web.EndpointLinksResolver - Exposing 5 endpoints beneath base path '/actuator'
2025-12-24 03:21:07.973 INFO  [restartedMain] o.s.b.w.e.tomcat.TomcatWebServer - Tomcat started on port 8080 (http) with context path '/'
2025-12-24 03:21:07.979 INFO  [restartedMain] com.example.demo.LibraryApplication - Started LibraryApplication in 2.428 seconds (process running for 2.622)
2025-12-24 03:21:08.163 INFO  [RMI TCP Connection(4)-127.0.0.1] o.s.web.servlet.DispatcherServlet - Initializing Servlet 'dispatcherServlet'
2025-12-24 03:21:08.164 INFO  [RMI TCP Connection(4)-127.0.0.1] o.s.web.servlet.DispatcherServlet - Completed initialization in 1 ms
2025-12-24 03:21:12.438 WARN  [http-nio-8080-exec-3] o.s.w.s.m.m.a.ExceptionHandlerExceptionResolver - Resolved [org.springframework.web.servlet.resource.NoResourceFoundException: No static resource favicon.ico.]
2025-12-24 03:21:13.947 INFO  [http-nio-8080-exec-4] c.e.demo.controller.LoginController - Login attempt - Email: 'anna@example.com' (length: 16), Password: '123' (length: 3)
2025-12-24 03:21:14.016 INFO  [http-nio-8080-exec-4] c.e.demo.controller.LoginController - Person with email anna@example.com LOG IN to site
2025-12-24 03:21:28.185 INFO  [http-nio-8080-exec-5] c.e.d.controller.LibraryController - Person with email anna@example.com go to the Library: 1
2025-12-24 03:54:25.168 INFO  [http-nio-8080-exec-3] c.e.d.c.admin.PeopleController - User redirected to library selection - no libraryId in session
2025-12-24 04:42:48.508 INFO  [SpringApplicationShutdownHook] o.s.b.w.e.tomcat.GracefulShutdown - Commencing graceful shutdown. Waiting for active requests to complete
2025-12-24 04:42:48.509 INFO  [tomcat-shutdown] o.s.b.w.e.tomcat.GracefulShutdown - Graceful shutdown complete
2025-12-24 04:42:48.519 INFO  [SpringApplicationShutdownHook] o.s.o.j.LocalContainerEntityManagerFactoryBean - Closing JPA EntityManagerFactory for persistence unit 'default'
2025-12-24 04:42:48.520 INFO  [SpringApplicationShutdownHook] com.zaxxer.hikari.HikariDataSource - HikariPool-1 - Shutdown initiated...
2025-12-24 04:42:48.521 INFO  [SpringApplicationShutdownHook] com.zaxxer.hikari.HikariDataSource - HikariPool-1 - Shutdown completed.
